<?xml version="1.0" encoding="UTF-8"?>
<testng-results skipped="0" failed="0" total="1" passed="1">
  <reporter-output>
  </reporter-output>
  <suite name="Default suite" duration-ms="12043" started-at="2014-11-18T10:25:23Z" finished-at="2014-11-18T10:25:35Z">
    <groups>
    </groups>
    <test name="Default test" duration-ms="12043" started-at="2014-11-18T10:25:23Z" finished-at="2014-11-18T10:25:35Z">
      <class name="customized_statement.verify_customized_statement">
        <test-method status="PASS" signature="launch_browser()[pri:0, instance:customized_statement.verify_customized_statement@65c7a252]" name="launch_browser" is-config="true" duration-ms="2466" started-at="2014-11-18T12:25:23Z" finished-at="2014-11-18T12:25:25Z">
          <reporter-output>
          </reporter-output>
        </test-method> <!-- launch_browser -->
        <test-method status="PASS" signature="verify_system()[pri:0, instance:customized_statement.verify_customized_statement@65c7a252]" name="verify_system" duration-ms="9310" started-at="2014-11-18T12:25:25Z" finished-at="2014-11-18T12:25:35Z">
          <reporter-output>
          </reporter-output>
        </test-method> <!-- verify_system -->
        <test-method status="PASS" signature="close_browser()[pri:0, instance:customized_statement.verify_customized_statement@65c7a252]" name="close_browser" is-config="true" duration-ms="249" started-at="2014-11-18T12:25:35Z" finished-at="2014-11-18T12:25:35Z">
          <reporter-output>
          </reporter-output>
        </test-method> <!-- close_browser -->
      </class> <!-- customized_statement.verify_customized_statement -->
    </test> <!-- Default test -->
  </suite> <!-- Default suite -->
</testng-results>
